#
# There is insufficient memory for the Java Runtime Environment to continue.
# Native memory allocation (malloc) failed to allocate 1048576 bytes for AllocateHeap
# Possible reasons:
#   The system is out of physical RAM or swap space
#   In 32 bit mode, the process size limit was hit
# Possible solutions:
#   Reduce memory load on the system
#   Increase physical memory or swap space
#   Check if swap backing store is full
#   Use 64 bit Java on a 64 bit OS
#   Decrease Java heap size (-Xmx/-Xms)
#   Decrease number of Java threads
#   Decrease Java thread stack sizes (-Xss)
#   Set larger code cache with -XX:ReservedCodeCacheSize=
# This output file may be truncated or incomplete.
#
#  Out of Memory Error (memory/allocation.inline.hpp:61), pid=4124, tid=0x0000000000003124
#
# JRE version:  (8.0) (build )
# Java VM: OpenJDK 64-Bit Server VM (25.71-b00 mixed mode windows-amd64 compressed oops)
# Failed to write core dump. Minidumps are not enabled by default on client versions of Windows
#

---------------  T H R E A D  ---------------

Current thread (0x0000000002fc5800):  JavaThread "Unknown thread" [_thread_in_vm, id=12580, stack(0x0000000002eb0000,0x0000000002fb0000)]

Stack: [0x0000000002eb0000,0x0000000002fb0000]
[error occurred during error reporting (printing stack bounds), id 0xc0000005]

Native frames: (J=compiled Java code, j=interpreted, Vv=VM code, C=native code)


---------------  P R O C E S S  ---------------

Java Threads: ( => current thread )

Other Threads:

=>0x0000000002fc5800 (exited) JavaThread "Unknown thread" [_thread_in_vm, id=12580, stack(0x0000000002eb0000,0x0000000002fb0000)]

VM state:not at safepoint (normal execution)

VM Mutex/Monitor currently owned by a thread: None

Heap:
 PSYoungGen      total 24064K, used 419K [0x00000000e5800000, 0x00000000e7280000, 0x0000000100000000)
  eden space 20992K, 2% used [0x00000000e5800000,0x00000000e5868f68,0x00000000e6c80000)
  from space 3072K, 0% used [0x00000000e6f80000,0x00000000e6f80000,0x00000000e7280000)
  to   space 3072K, 0% used [0x00000000e6c80000,0x00000000e6c80000,0x00000000e6f80000)
 ParOldGen       total 54784K, used 0K [0x00000000b0800000, 0x00000000b3d80000, 0x00000000e5800000)
  object space 54784K, 0% used [0x00000000b0800000,0x00000000b0800000,0x00000000b3d80000)
 Metaspace       used 777K, capacity 4480K, committed 4480K, reserved 1056768K
  class space    used 74K, capacity 384K, committed 384K, reserved 1048576K

Card table byte_map: [0x0000000012480000,0x0000000012700000] byte_map_base: 0x0000000011efc000

Marking Bits: (ParMarkBitMap*) 0x000000005795be50
 Begin Bits: [0x0000000012cb0000, 0x0000000014090000)
 End Bits:   [0x0000000014090000, 0x0000000015470000)

Polling page: 0x0000000002e30000

CodeCache: size=245760Kb used=327Kb max_used=327Kb free=245432Kb
 bounds [0x00000000030c0000, 0x0000000003330000, 0x00000000120c0000]
 total_blobs=56 nmethods=0 adapters=38
 compilation: enabled

Compilation events (0 events):
No events

GC Heap History (0 events):
No events

Deoptimization events (0 events):
No events

Classes redefined (0 events):
No events

Internal exceptions (0 events):
No events

Events (10 events):
Event: 0.055 loading class java/lang/Short
Event: 0.055 loading class java/lang/Short done
Event: 0.055 loading class java/lang/Integer
Event: 0.055 loading class java/lang/Integer done
Event: 0.055 loading class java/lang/Long
Event: 0.056 loading class java/lang/Long done
Event: 0.057 loading class java/lang/NullPointerException
Event: 0.058 loading class java/lang/NullPointerException done
Event: 0.058 loading class java/lang/ArithmeticException
Event: 0.058 loading class java/lang/ArithmeticException done


Dynamic libraries:
0x00007ff781590000 - 0x00007ff7815c5000 	C:\Program Files\Unity\Hub\Editor\2020.3.19f1\Editor\Data\PlaybackEngines\AndroidPlayer\OpenJDK\bin\java.exe
0x00007ff8eee70000 - 0x00007ff8ef065000 	C:\WINDOWS\SYSTEM32\ntdll.dll
0x00007ff8eda10000 - 0x00007ff8edace000 	C:\WINDOWS\System32\KERNEL32.DLL
0x00007ff8ecbf0000 - 0x00007ff8eceb9000 	C:\WINDOWS\System32\KERNELBASE.dll
0x00007ff8ed5a0000 - 0x00007ff8ed64c000 	C:\WINDOWS\System32\ADVAPI32.dll
0x00007ff8ed650000 - 0x00007ff8ed6ee000 	C:\WINDOWS\System32\msvcrt.dll
0x00007ff8ed730000 - 0x00007ff8ed7cb000 	C:\WINDOWS\System32\sechost.dll
0x00007ff8ecec0000 - 0x00007ff8ecfea000 	C:\WINDOWS\System32\RPCRT4.dll
0x00007ff8edbf0000 - 0x00007ff8edd91000 	C:\WINDOWS\System32\USER32.dll
0x00007ff8ec9b0000 - 0x00007ff8ec9d2000 	C:\WINDOWS\System32\win32u.dll
0x00007ff8ed110000 - 0x00007ff8ed13b000 	C:\WINDOWS\System32\GDI32.dll
0x00007ff8ec7b0000 - 0x00007ff8ec8bb000 	C:\WINDOWS\System32\gdi32full.dll
0x00007ff8ec8c0000 - 0x00007ff8ec95d000 	C:\WINDOWS\System32\msvcp_win.dll
0x00007ff8ec5c0000 - 0x00007ff8ec6c0000 	C:\WINDOWS\System32\ucrtbase.dll
0x00007ff8dfe50000 - 0x00007ff8e00ea000 	C:\WINDOWS\WinSxS\amd64_microsoft.windows.common-controls_6595b64144ccf1df_6.0.19041.1110_none_60b5254171f9507e\COMCTL32.dll
0x00007ff8ed6f0000 - 0x00007ff8ed720000 	C:\WINDOWS\System32\IMM32.DLL
0x00000000579e0000 - 0x0000000057ab2000 	C:\Program Files\Unity\Hub\Editor\2020.3.19f1\Editor\Data\PlaybackEngines\AndroidPlayer\OpenJDK\jre\bin\msvcr100.dll
0x0000000057190000 - 0x00000000579d9000 	C:\Program Files\Unity\Hub\Editor\2020.3.19f1\Editor\Data\PlaybackEngines\AndroidPlayer\OpenJDK\jre\bin\server\jvm.dll
0x00007ff8ed2f0000 - 0x00007ff8ed2f8000 	C:\WINDOWS\System32\PSAPI.DLL
0x00007ff8e3710000 - 0x00007ff8e3737000 	C:\WINDOWS\SYSTEM32\WINMM.dll
0x00007ff8e3700000 - 0x00007ff8e370a000 	C:\WINDOWS\SYSTEM32\VERSION.dll
0x00007ff8e55a0000 - 0x00007ff8e55a9000 	C:\WINDOWS\SYSTEM32\WSOCK32.dll
0x00007ff8edb80000 - 0x00007ff8edbeb000 	C:\WINDOWS\System32\WS2_32.dll
0x00007ff8e7000000 - 0x00007ff8e700f000 	C:\Program Files\Unity\Hub\Editor\2020.3.19f1\Editor\Data\PlaybackEngines\AndroidPlayer\OpenJDK\jre\bin\verify.dll
0x00007ff8c40d0000 - 0x00007ff8c40f9000 	C:\Program Files\Unity\Hub\Editor\2020.3.19f1\Editor\Data\PlaybackEngines\AndroidPlayer\OpenJDK\jre\bin\java.dll
0x00007ff8c5f20000 - 0x00007ff8c5f36000 	C:\Program Files\Unity\Hub\Editor\2020.3.19f1\Editor\Data\PlaybackEngines\AndroidPlayer\OpenJDK\jre\bin\zip.dll

VM Arguments:
jvm_args: -Dfile.encoding=UTF-8 -Dcom.android.sdklib.toolsdir=C:\Program Files\Unity\Hub\Editor\2020.3.19f1\Editor\Data\PlaybackEngines\AndroidPlayer\SDK\tools\bin\\.. 
java_command: com.android.sdklib.tool.sdkmanager.SdkManagerCli --list
java_class_path (initial): C:\Program Files\Unity\Hub\Editor\2020.3.19f1\Editor\Data\PlaybackEngines\AndroidPlayer\SDK\tools\bin\..\lib\dvlib-26.0.0-dev.jar;C:\Program Files\Unity\Hub\Editor\2020.3.19f1\Editor\Data\PlaybackEngines\AndroidPlayer\SDK\tools\bin\..\lib\jimfs-1.1.jar;C:\Program Files\Unity\Hub\Editor\2020.3.19f1\Editor\Data\PlaybackEngines\AndroidPlayer\SDK\tools\bin\..\lib\jsr305-1.3.9.jar;C:\Program Files\Unity\Hub\Editor\2020.3.19f1\Editor\Data\PlaybackEngines\AndroidPlayer\SDK\tools\bin\..\lib\repository-26.0.0-dev.jar;C:\Program Files\Unity\Hub\Editor\2020.3.19f1\Editor\Data\PlaybackEngines\AndroidPlayer\SDK\tools\bin\..\lib\j2objc-annotations-1.1.jar;C:\Program Files\Unity\Hub\Editor\2020.3.19f1\Editor\Data\PlaybackEngines\AndroidPlayer\SDK\tools\bin\..\lib\layoutlib-api-26.0.0-dev.jar;C:\Program Files\Unity\Hub\Editor\2020.3.19f1\Editor\Data\PlaybackEngines\AndroidPlayer\SDK\tools\bin\..\lib\gson-2.3.jar;C:\Program Files\Unity\Hub\Editor\2020.3.19f1\Editor\Data\PlaybackEngines\AndroidPlayer\SDK\tools\bin\..\lib\httpcore-4.2.5.jar;C:\Program Files\Unity\Hub\Editor\2020.3.19f1\Editor\Data\PlaybackEngines\AndroidPlayer\SDK\tools\bin\..\lib\commons-logging-1.1.1.jar;C:\Program Files\Unity\Hub\Editor\2020.3.19f1\Editor\Data\PlaybackEngines\AndroidPlayer\SDK\tools\bin\..\lib\commons-compress-1.12.jar;C:\Program Files\Unity\Hub\Editor\2020.3.19f1\Editor\Data\PlaybackEngines\AndroidPlayer\SDK\tools\bin\..\lib\annotations-26.0.0-dev.jar;C:\Program Files\Unity\Hub\Editor\2020.3.19f1\Editor\Data\PlaybackEngines\AndroidPlayer\SDK\tools\bin\..\lib\error_prone_annotations-2.0.18.jar;C:\Program Files\Unity\Hub\Editor\2020.3.19f1\Editor\Data\PlaybackEngines\AndroidPlayer\SDK\tools\bin\..\lib\animal-sniffer-annotations-1.14.jar;C:\Program Files\Unity\Hub\Editor\2020.3.19f1\Editor\Data\PlaybackEngines\AndroidPlayer\SDK\tools\bin\..\lib\httpclient-4.2.6.jar;C:\Program Files\Unity\Hub\Editor\2020.3.19f1\Editor\Data\PlaybackEngines\AndroidPlayer\SDK\tools\bin\..\lib
Launcher Type: SUN_STANDARD

Environment Variables:
JAVA_HOME=C:\Program Files\Unity\Hub\Editor\2020.3.19f1\Editor\Data\PlaybackEngines\AndroidPlayer\OpenJDK
JAVA_TOOL_OPTIONS=-Dfile.encoding=UTF-8
PATH=C:\Program Files (x86)\Common Files\Intel\Shared Libraries\redist\intel64\compiler;C:\Program Files (x86)\Common Files\Oracle\Java\javapath;C:\Program Files (x86)\NVIDIA Corporation\PhysX\Common;C:\WINDOWS\system32;C:\WINDOWS;C:\WINDOWS\System32\Wbem;C:\WINDOWS\System32\WindowsPowerShell\v1.0\;C:\Program Files (x86)\AMD\ATI.ACE\Core-Static;C:\WINDOWS\System32\OpenSSH\;G:\programas_Herramientas\matlab\runtime\win64;G:\programas_Herramientas\matlab\bin;C:\PROGRA~2\PICC;C:\Program Files\Git\cmd;C:\Users\alons\AppData\Roaming\nvm;C:\Program Files\nodejs;C:\flutter\bin;C:\flutter\bin\cache\dart-sdk\bin;C:\Program Files\Java\jdk-13.0.1\bin;C:\Program Files\nodejs\;C:\ProgramData\ComposerSetup\bin;C:\Users\alons\AppData\Local\Programs\Python\Python38\Scripts\;C:\Users\alons\AppData\Local\Programs\Python\Python38\;C:\Program Files\MySQL\MySQL Shell 8.0\bin\;C:\Users\alons\AppData\Local\Microsoft\WindowsApps;C:\Users\alons\AppData\Local\Programs\Microsoft VS Code\bin;C:\Users\alons\AppData\Local\Microsoft\WindowsApps;C:\Users\alons\AppData\Roaming\nvm;C:\Program Files\nodejs;C:\xampp\php;C:\AppServ\Apache24\bin;C:\AppServ\php7;C:\AppServ\MySQL\bin;C:\flutter\bin;C:\flutter\bin\cache\dart-sdk\bin;C:\Users\alons\AppData\Roaming\npm;C:\Users\alons\AppData\Roaming\Composer\vendor\bin
USERNAME=alons
OS=Windows_NT
PROCESSOR_IDENTIFIER=AMD64 Family 22 Model 48 Stepping 1, AuthenticAMD



---------------  S Y S T E M  ---------------

OS: Windows 10.0 , 64 bit Build 19041 (10.0.19041.1202)

CPU:total 4 (initial active 4) (4 cores per cpu, 1 threads per core) family 22 model 48 stepping 1, cmov, cx8, fxsr, mmx, sse, sse2, sse3, ssse3, sse4.1, sse4.2, popcnt, avx, aes, clmul, mmxext, 3dnowpref, lzcnt, sse4a, tsc, tscinvbit, tscinv, bmi1

Memory: 4k page, physical 5208432k(1220400k free), swap 6804744k(6528k free)

vm_info: OpenJDK 64-Bit Server VM (25.71-b00) for windows-amd64 JRE (1.8.0-adoptopenjdk-_2018_05_19_00_59-b00), built on May 19 2018 01:02:12 by "jenkins" with MS VC++ 10.0 (VS2010)

time: Sun Oct 31 20:10:55 2021
elapsed time: 0 seconds (0d 0h 0m 0s)

